#
# There is insufficient memory for the Java Runtime Environment to continue.
# Native memory allocation (malloc) failed to allocate 32744 bytes for ChunkPool::allocate
# Possible reasons:
#   The system is out of physical RAM or swap space
#   The process is running with CompressedOops enabled, and the Java Heap may be blocking the growth of the native heap
# Possible solutions:
#   Reduce memory load on the system
#   Increase physical memory or swap space
#   Check if swap backing store is full
#   Decrease Java heap size (-Xmx/-Xms)
#   Decrease number of Java threads
#   Decrease Java thread stack sizes (-Xss)
#   Set larger code cache with -XX:ReservedCodeCacheSize=
#   JVM is running with Unscaled Compressed Oops mode in which the Java heap is
#     placed in the first 4GB address space. The Java Heap base address is the
#     maximum limit for the native heap growth. Please use -XX:HeapBaseMinAddress
#     to set the Java Heap base and to place the Java Heap above 4GB virtual address.
# This output file may be truncated or incomplete.
#
#  Out of Memory Error (arena.cpp:78), pid=13916, tid=18236
#
# JRE version: OpenJDK Runtime Environment Temurin-17.0.8.1+1 (17.0.8.1+1) (build 17.0.8.1+1)
# Java VM: OpenJDK 64-Bit Server VM Temurin-17.0.8.1+1 (17.0.8.1+1, mixed mode, tiered, compressed oops, compressed class ptrs, g1 gc, windows-amd64)
# No core dump will be written. Minidumps are not enabled by default on client versions of Windows
#

---------------  S U M M A R Y ------------

Command Line: -XX:+ShowCodeDetailsInExceptionMessages -Dspring.jmx.enabled=true -Dmanagement.endpoints.jmx.exposure.include=* -Dspring.application.admin.enabled=true -Dspring.boot.project.name=tp_spring -Djava.rmi.server.hostname=localhost -Xmx512M ma.zaatari.tp_spring.TpSpringApplication

Host: Intel(R) Core(TM) i7-4710HQ CPU @ 2.50GHz, 8 cores, 15G,  Windows 10 , 64 bit Build 19041 (10.0.19041.3570)
Time: Tue Oct 24 02:03:41 2023 Maroc (heure d64 bit Build 19041 (10.0.19041.3570) elapsed time: 16.286955 seconds (0d 0h 0m 16s)

---------------  T H R E A D  ---------------

Current thread (0x0000024e9a8697d0):  JavaThread "C2 CompilerThread0" daemon [_thread_in_native, id=18236, stack(0x0000007ac3200000,0x0000007ac3300000)]


Current CompileTask:
C2:  16287 5489       4       org.antlr.v4.runtime.atn.ParserATNSimulator::closure_ (311 bytes)

Stack: [0x0000007ac3200000,0x0000007ac3300000]
Native frames: (J=compiled Java code, j=interpreted, Vv=VM code, C=native code)
V  [jvm.dll+0x678b0a]
V  [jvm.dll+0x835e84]
V  [jvm.dll+0x83762e]
V  [jvm.dll+0x837c93]
V  [jvm.dll+0x24746f]
V  [jvm.dll+0xac42c]
V  [jvm.dll+0xac7dc]
V  [jvm.dll+0x11ec98]
V  [jvm.dll+0x6a2359]
V  [jvm.dll+0x1bd2c4]
V  [jvm.dll+0x219d49]
V  [jvm.dll+0x219011]
V  [jvm.dll+0x1a534d]
V  [jvm.dll+0x228d8a]
V  [jvm.dll+0x226dcc]
V  [jvm.dll+0x7ec09b]
V  [jvm.dll+0x7e64ca]
V  [jvm.dll+0x677955]
C  [ucrtbase.dll+0x21bb2]
C  [KERNEL32.DLL+0x17344]
C  [ntdll.dll+0x526b1]


---------------  P R O C E S S  ---------------

Threads class SMR info:
_java_thread_list=0x0000024ea25f9c50, length=22, elements={
0x0000024e82a9d7b0, 0x0000024e9a841dc0, 0x0000024e9a880450, 0x0000024e9a8650a0,
0x0000024e9a865970, 0x0000024e9a868250, 0x0000024e9a868b20, 0x0000024e9a8697d0,
0x0000024e9a8a7880, 0x0000024e9a8aa1a0, 0x0000024e9aa0f030, 0x0000024e9aa18770,
0x0000024e9fe27080, 0x0000024e9fe293f0, 0x0000024e9fe27590, 0x0000024e9fe27aa0,
0x0000024e9fe27fb0, 0x0000024e9fe289d0, 0x0000024e9fe25c40, 0x0000024e9fe26b70,
0x0000024ea06824e0, 0x0000024ea067ffb0
}

Java Threads: ( => current thread )
  0x0000024e82a9d7b0 JavaThread "main" [_thread_blocked, id=2204, stack(0x0000007ac2500000,0x0000007ac2600000)]
  0x0000024e9a841dc0 JavaThread "Reference Handler" daemon [_thread_blocked, id=6472, stack(0x0000007ac2c00000,0x0000007ac2d00000)]
  0x0000024e9a880450 JavaThread "Finalizer" daemon [_thread_blocked, id=14196, stack(0x0000007ac2d00000,0x0000007ac2e00000)]
  0x0000024e9a8650a0 JavaThread "Signal Dispatcher" daemon [_thread_blocked, id=15680, stack(0x0000007ac2e00000,0x0000007ac2f00000)]
  0x0000024e9a865970 JavaThread "Attach Listener" daemon [_thread_blocked, id=18280, stack(0x0000007ac2f00000,0x0000007ac3000000)]
  0x0000024e9a868250 JavaThread "Service Thread" daemon [_thread_blocked, id=16240, stack(0x0000007ac3000000,0x0000007ac3100000)]
  0x0000024e9a868b20 JavaThread "Monitor Deflation Thread" daemon [_thread_blocked, id=5628, stack(0x0000007ac3100000,0x0000007ac3200000)]
=>0x0000024e9a8697d0 JavaThread "C2 CompilerThread0" daemon [_thread_in_native, id=18236, stack(0x0000007ac3200000,0x0000007ac3300000)]
  0x0000024e9a8a7880 JavaThread "C1 CompilerThread0" daemon [_thread_blocked, id=14708, stack(0x0000007ac3300000,0x0000007ac3400000)]
  0x0000024e9a8aa1a0 JavaThread "Sweeper thread" daemon [_thread_blocked, id=6088, stack(0x0000007ac3400000,0x0000007ac3500000)]
  0x0000024e9aa0f030 JavaThread "Notification Thread" daemon [_thread_blocked, id=20404, stack(0x0000007ac3500000,0x0000007ac3600000)]
  0x0000024e9aa18770 JavaThread "Common-Cleaner" daemon [_thread_blocked, id=18068, stack(0x0000007ac3700000,0x0000007ac3800000)]
  0x0000024e9fe27080 JavaThread "RMI TCP Accept-0" daemon [_thread_in_native, id=14724, stack(0x0000007ac3a00000,0x0000007ac3b00000)]
  0x0000024e9fe293f0 JavaThread "RMI TCP Connection(1)-127.0.0.1" daemon [_thread_in_native, id=15768, stack(0x0000007ac3b00000,0x0000007ac3c00000)]
  0x0000024e9fe27590 JavaThread "Thread-0" [_thread_blocked, id=9440, stack(0x0000007ac4400000,0x0000007ac4500000)]
  0x0000024e9fe27aa0 JavaThread "restartedMain" [_thread_in_Java, id=9156, stack(0x0000007ac4500000,0x0000007ac4600000)]
  0x0000024e9fe27fb0 JavaThread "RMI Scheduler(0)" daemon [_thread_blocked, id=13128, stack(0x0000007ac4600000,0x0000007ac4700000)]
  0x0000024e9fe289d0 JavaThread "JMX server connection timeout 22" daemon [_thread_blocked, id=836, stack(0x0000007ac4700000,0x0000007ac4800000)]
  0x0000024e9fe25c40 JavaThread "Catalina-utility-1" [_thread_blocked, id=10936, stack(0x0000007ac4800000,0x0000007ac4900000)]
  0x0000024e9fe26b70 JavaThread "mysql-cj-abandoned-connection-cleanup" daemon [_thread_blocked, id=10800, stack(0x0000007ac4c00000,0x0000007ac4d00000)]
  0x0000024ea06824e0 JavaThread "C2 CompilerThread1" daemon [_thread_in_native, id=14928, stack(0x0000007ac3800000,0x0000007ac3900000)]
  0x0000024ea067ffb0 JavaThread "C2 CompilerThread2" daemon [_thread_in_native, id=17604, stack(0x0000007ac3900000,0x0000007ac3a00000)]

Other Threads:
  0x0000024e9a83f400 VMThread "VM Thread" [stack: 0x0000007ac2b00000,0x0000007ac2c00000] [id=6904]
  0x0000024e82c436b0 WatcherThread [stack: 0x0000007ac3600000,0x0000007ac3700000] [id=11812]
  0x0000024e82c35fe0 GCTaskThread "GC Thread#0" [stack: 0x0000007ac2600000,0x0000007ac2700000] [id=14552]
  0x0000024e9fd619b0 GCTaskThread "GC Thread#1" [stack: 0x0000007ac3c00000,0x0000007ac3d00000] [id=11564]
  0x0000024e9f812930 GCTaskThread "GC Thread#2" [stack: 0x0000007ac3d00000,0x0000007ac3e00000] [id=2332]
  0x0000024e9f7ce040 GCTaskThread "GC Thread#3" [stack: 0x0000007ac3e00000,0x0000007ac3f00000] [id=19300]
  0x0000024ea042c380 GCTaskThread "GC Thread#4" [stack: 0x0000007ac3f00000,0x0000007ac4000000] [id=1168]
  0x0000024ea04bd9b0 GCTaskThread "GC Thread#5" [stack: 0x0000007ac4000000,0x0000007ac4100000] [id=11944]
  0x0000024ea04bdc70 GCTaskThread "GC Thread#6" [stack: 0x0000007ac4100000,0x0000007ac4200000] [id=2324]
  0x0000024e9fa05500 GCTaskThread "GC Thread#7" [stack: 0x0000007ac4200000,0x0000007ac4300000] [id=4440]
  0x0000024e82c3ae40 ConcurrentGCThread "G1 Main Marker" [stack: 0x0000007ac2700000,0x0000007ac2800000] [id=14988]
  0x0000024e82c3bf00 ConcurrentGCThread "G1 Conc#0" [stack: 0x0000007ac2800000,0x0000007ac2900000] [id=16136]
  0x0000024ea004b030 ConcurrentGCThread "G1 Conc#1" [stack: 0x0000007ac4900000,0x0000007ac4a00000] [id=8524]
  0x0000024e82cbe280 ConcurrentGCThread "G1 Refine#0" [stack: 0x0000007ac2900000,0x0000007ac2a00000] [id=6476]
  0x0000024e9f231510 ConcurrentGCThread "G1 Refine#1" [stack: 0x0000007ac4300000,0x0000007ac4400000] [id=18396]
  0x0000024e82cbebc0 ConcurrentGCThread "G1 Service" [stack: 0x0000007ac2a00000,0x0000007ac2b00000] [id=7344]

Threads with active compile tasks:
C2 CompilerThread0    16321 5489       4       org.antlr.v4.runtime.atn.ParserATNSimulator::closure_ (311 bytes)
C1 CompilerThread0    16321 5642       2       org.springframework.boot.autoconfigure.condition.ConditionEvaluationReport$ConditionAndOutcomes::isFullMatch (41 bytes)
C2 CompilerThread1    16321 5046       4       org.springframework.core.annotation.TypeMappedAnnotations::scan (66 bytes)
C2 CompilerThread2    16321 5493       4       org.antlr.v4.runtime.atn.ParserATNSimulator::closureCheckingStopState (244 bytes)

VM state: not at safepoint (normal execution)

VM Mutex/Monitor currently owned by a thread: None

Heap address: 0x00000000e0000000, size: 512 MB, Compressed Oops mode: 32-bit

CDS archive(s) not mapped
Compressed class space mapped at: 0x0000000100000000-0x0000000140000000, reserved size: 1073741824
Narrow klass base: 0x0000000000000000, Narrow klass shift: 3, Narrow klass range: 0x140000000

GC Precious Log:
 CPUs: 8 total, 8 available
 Memory: 16299M
 Large Page Support: Disabled
 NUMA Support: Disabled
 Compressed Oops: Enabled (32-bit)
 Heap Region Size: 1M
 Heap Min Capacity: 8M
 Heap Initial Capacity: 256M
 Heap Max Capacity: 512M
 Pre-touch: Disabled
 Parallel Workers: 8
 Concurrent Workers: 2
 Concurrent Refinement Workers: 8
 Periodic GC: Disabled

Heap:
 garbage-first heap   total 56320K, used 34909K [0x00000000e0000000, 0x0000000100000000)
  region size 1024K, 8 young (8192K), 2 survivors (2048K)
 Metaspace       used 68406K, committed 68928K, reserved 1114112K
  class space    used 9381K, committed 9600K, reserved 1048576K

Heap Regions: E=young(eden), S=young(survivor), O=old, HS=humongous(starts), HC=humongous(continues), CS=collection set, F=free, OA=open archive, CA=closed archive, TAMS=top-at-mark-start (previous, next)
|   0|0x00000000e0000000, 0x00000000e0100000, 0x00000000e0100000|100%|HS|  |TAMS 0x00000000e0100000, 0x00000000e0000000| Complete 
|   1|0x00000000e0100000, 0x00000000e0200000, 0x00000000e0200000|100%| O|  |TAMS 0x00000000e0200000, 0x00000000e0100000| Untracked 
|   2|0x00000000e0200000, 0x00000000e0300000, 0x00000000e0300000|100%| O|  |TAMS 0x00000000e0300000, 0x00000000e0200000| Untracked 
|   3|0x00000000e0300000, 0x00000000e0400000, 0x00000000e0400000|100%| O|  |TAMS 0x00000000e0400000, 0x00000000e0300000| Untracked 
|   4|0x00000000e0400000, 0x00000000e0500000, 0x00000000e0500000|100%| O|  |TAMS 0x00000000e0500000, 0x00000000e0400000| Untracked 
|   5|0x00000000e0500000, 0x00000000e0600000, 0x00000000e0600000|100%| O|  |TAMS 0x00000000e0600000, 0x00000000e0500000| Untracked 
|   6|0x00000000e0600000, 0x00000000e0700000, 0x00000000e0700000|100%| O|  |TAMS 0x00000000e0700000, 0x00000000e0600000| Untracked 
|   7|0x00000000e0700000, 0x00000000e0800000, 0x00000000e0800000|100%| O|  |TAMS 0x00000000e0800000, 0x00000000e0700000| Untracked 
|   8|0x00000000e0800000, 0x00000000e0900000, 0x00000000e0900000|100%| O|  |TAMS 0x00000000e0900000, 0x00000000e0800000| Untracked 
|   9|0x00000000e0900000, 0x00000000e0a00000, 0x00000000e0a00000|100%| O|  |TAMS 0x00000000e0a00000, 0x00000000e0900000| Untracked 
|  10|0x00000000e0a00000, 0x00000000e0b00000, 0x00000000e0b00000|100%| O|  |TAMS 0x00000000e0b00000, 0x00000000e0a00000| Untracked 
|  11|0x00000000e0b00000, 0x00000000e0c00000, 0x00000000e0c00000|100%| O|  |TAMS 0x00000000e0c00000, 0x00000000e0b00000| Untracked 
|  12|0x00000000e0c00000, 0x00000000e0d00000, 0x00000000e0d00000|100%| O|  |TAMS 0x00000000e0d00000, 0x00000000e0c00000| Untracked 
|  13|0x00000000e0d00000, 0x00000000e0e00000, 0x00000000e0e00000|100%| O|  |TAMS 0x00000000e0e00000, 0x00000000e0d00000| Untracked 
|  14|0x00000000e0e00000, 0x00000000e0f00000, 0x00000000e0f00000|100%| O|  |TAMS 0x00000000e0f00000, 0x00000000e0e00000| Untracked 
|  15|0x00000000e0f00000, 0x00000000e1000000, 0x00000000e1000000|100%| O|  |TAMS 0x00000000e1000000, 0x00000000e0f00000| Untracked 
|  16|0x00000000e1000000, 0x00000000e1100000, 0x00000000e1100000|100%| O|  |TAMS 0x00000000e1100000, 0x00000000e1000000| Untracked 
|  17|0x00000000e1100000, 0x00000000e1200000, 0x00000000e1200000|100%| O|  |TAMS 0x00000000e1200000, 0x00000000e1100000| Untracked 
|  18|0x00000000e1200000, 0x00000000e1300000, 0x00000000e1300000|100%| O|  |TAMS 0x00000000e1300000, 0x00000000e1200000| Untracked 
|  19|0x00000000e1300000, 0x00000000e1400000, 0x00000000e1400000|100%| O|  |TAMS 0x00000000e1400000, 0x00000000e1300000| Untracked 
|  20|0x00000000e1400000, 0x00000000e1500000, 0x00000000e1500000|100%| O|  |TAMS 0x00000000e1500000, 0x00000000e1400000| Untracked 
|  21|0x00000000e1500000, 0x00000000e1600000, 0x00000000e1600000|100%| O|  |TAMS 0x00000000e1600000, 0x00000000e1500000| Untracked 
|  22|0x00000000e1600000, 0x00000000e1700000, 0x00000000e1700000|100%| O|  |TAMS 0x00000000e1700000, 0x00000000e1600000| Untracked 
|  23|0x00000000e1700000, 0x00000000e1800000, 0x00000000e1800000|100%| O|  |TAMS 0x00000000e1800000, 0x00000000e1700000| Untracked 
|  24|0x00000000e1800000, 0x00000000e1900000, 0x00000000e1900000|100%| O|  |TAMS 0x00000000e1900000, 0x00000000e1800000| Untracked 
|  25|0x00000000e1900000, 0x00000000e1a00000, 0x00000000e1a00000|100%| O|  |TAMS 0x00000000e1a00000, 0x00000000e1900000| Untracked 
|  26|0x00000000e1a00000, 0x00000000e1b00000, 0x00000000e1b00000|100%| O|  |TAMS 0x00000000e1b00000, 0x00000000e1a00000| Untracked 
|  27|0x00000000e1b00000, 0x00000000e1b9ae00, 0x00000000e1c00000| 60%| O|  |TAMS 0x00000000e1b9ac08, 0x00000000e1b00000| Untracked 
|  28|0x00000000e1c00000, 0x00000000e1c00000, 0x00000000e1d00000|  0%| F|  |TAMS 0x00000000e1c00000, 0x00000000e1c00000| Untracked 
|  29|0x00000000e1d00000, 0x00000000e1d00000, 0x00000000e1e00000|  0%| F|  |TAMS 0x00000000e1d00000, 0x00000000e1d00000| Untracked 
|  30|0x00000000e1e00000, 0x00000000e1e00000, 0x00000000e1f00000|  0%| F|  |TAMS 0x00000000e1e00000, 0x00000000e1e00000| Untracked 
|  31|0x00000000e1f00000, 0x00000000e1f00000, 0x00000000e2000000|  0%| F|  |TAMS 0x00000000e1f00000, 0x00000000e1f00000| Untracked 
|  32|0x00000000e2000000, 0x00000000e2000000, 0x00000000e2100000|  0%| F|  |TAMS 0x00000000e2000000, 0x00000000e2000000| Untracked 
|  33|0x00000000e2100000, 0x00000000e2100000, 0x00000000e2200000|  0%| F|  |TAMS 0x00000000e2100000, 0x00000000e2100000| Untracked 
|  34|0x00000000e2200000, 0x00000000e2200000, 0x00000000e2300000|  0%| F|  |TAMS 0x00000000e2200000, 0x00000000e2200000| Untracked 
|  35|0x00000000e2300000, 0x00000000e2300000, 0x00000000e2400000|  0%| F|  |TAMS 0x00000000e2300000, 0x00000000e2300000| Untracked 
|  36|0x00000000e2400000, 0x00000000e247c980, 0x00000000e2500000| 48%| S|CS|TAMS 0x00000000e2400000, 0x00000000e2400000| Complete 
|  37|0x00000000e2500000, 0x00000000e2600000, 0x00000000e2600000|100%| S|CS|TAMS 0x00000000e2500000, 0x00000000e2500000| Complete 
|  38|0x00000000e2600000, 0x00000000e2600000, 0x00000000e2700000|  0%| F|  |TAMS 0x00000000e2600000, 0x00000000e2600000| Untracked 
|  39|0x00000000e2700000, 0x00000000e2700000, 0x00000000e2800000|  0%| F|  |TAMS 0x00000000e2700000, 0x00000000e2700000| Untracked 
|  40|0x00000000e2800000, 0x00000000e2800000, 0x00000000e2900000|  0%| F|  |TAMS 0x00000000e2800000, 0x00000000e2800000| Untracked 
|  41|0x00000000e2900000, 0x00000000e2900000, 0x00000000e2a00000|  0%| F|  |TAMS 0x00000000e2900000, 0x00000000e2900000| Untracked 
|  42|0x00000000e2a00000, 0x00000000e2a00000, 0x00000000e2b00000|  0%| F|  |TAMS 0x00000000e2a00000, 0x00000000e2a00000| Untracked 
|  43|0x00000000e2b00000, 0x00000000e2b00000, 0x00000000e2c00000|  0%| F|  |TAMS 0x00000000e2b00000, 0x00000000e2b00000| Untracked 
|  44|0x00000000e2c00000, 0x00000000e2c00000, 0x00000000e2d00000|  0%| F|  |TAMS 0x00000000e2c00000, 0x00000000e2c00000| Untracked 
|  45|0x00000000e2d00000, 0x00000000e2d00000, 0x00000000e2e00000|  0%| F|  |TAMS 0x00000000e2d00000, 0x00000000e2d00000| Untracked 
|  46|0x00000000e2e00000, 0x00000000e2e00000, 0x00000000e2f00000|  0%| F|  |TAMS 0x00000000e2e00000, 0x00000000e2e00000| Untracked 
|  47|0x00000000e2f00000, 0x00000000e2f00000, 0x00000000e3000000|  0%| F|  |TAMS 0x00000000e2f00000, 0x00000000e2f00000| Untracked 
|  48|0x00000000e3000000, 0x00000000e3000000, 0x00000000e3100000|  0%| F|  |TAMS 0x00000000e3000000, 0x00000000e3000000| Untracked 
|  49|0x00000000e3100000, 0x00000000e31421d8, 0x00000000e3200000| 25%| E|  |TAMS 0x00000000e3100000, 0x00000000e3100000| Complete 
|  50|0x00000000e3200000, 0x00000000e3300000, 0x00000000e3300000|100%| E|CS|TAMS 0x00000000e3200000, 0x00000000e3200000| Complete 
|  51|0x00000000e3300000, 0x00000000e3400000, 0x00000000e3400000|100%| E|CS|TAMS 0x00000000e3300000, 0x00000000e3300000| Complete 
| 248|0x00000000ef800000, 0x00000000ef900000, 0x00000000ef900000|100%| E|CS|TAMS 0x00000000ef800000, 0x00000000ef800000| Complete 
| 249|0x00000000ef900000, 0x00000000efa00000, 0x00000000efa00000|100%| E|CS|TAMS 0x00000000ef900000, 0x00000000ef900000| Complete 
| 255|0x00000000eff00000, 0x00000000f0000000, 0x00000000f0000000|100%| E|CS|TAMS 0x00000000eff00000, 0x00000000eff00000| Complete 

Card table byte_map: [0x0000024e96bf0000,0x0000024e96cf0000] _byte_map_base: 0x0000024e964f0000

Marking Bits (Prev, Next): (CMBitMap*) 0x0000024e82c36510, (CMBitMap*) 0x0000024e82c36550
 Prev Bits: [0x0000024e96df0000, 0x0000024e975f0000)
 Next Bits: [0x0000024e975f0000, 0x0000024e97df0000)

Polling page: 0x0000024e82cc0000

Metaspace:

Usage:
  Non-class:     57.64 MB used.
      Class:      9.16 MB used.
       Both:     66.80 MB used.

Virtual space:
  Non-class space:       64.00 MB reserved,      57.94 MB ( 91%) committed,  1 nodes.
      Class space:        1.00 GB reserved,       9.38 MB ( <1%) committed,  1 nodes.
             Both:        1.06 GB reserved,      67.31 MB (  6%) committed. 

Chunk freelists:
   Non-Class:  6.04 MB
       Class:  6.45 MB
        Both:  12.49 MB

MaxMetaspaceSize: unlimited
CompressedClassSpaceSize: 1.00 GB
Initial GC threshold: 21.00 MB
Current GC threshold: 111.06 MB
CDS: off
MetaspaceReclaimPolicy: balanced
 - commit_granule_bytes: 65536.
 - commit_granule_words: 8192.
 - virtual_space_node_default_size: 8388608.
 - enlarge_chunks_in_place: 1.
 - new_chunks_are_fully_committed: 0.
 - uncommit_free_chunks: 1.
 - use_allocation_guard: 0.
 - handle_deallocations: 1.


Internal statistics:

num_allocs_failed_limit: 6.
num_arena_births: 768.
num_arena_deaths: 0.
num_vsnodes_births: 2.
num_vsnodes_deaths: 0.
num_space_committed: 1077.
num_space_uncommitted: 0.
num_chunks_returned_to_freelist: 6.
num_chunks_taken_from_freelist: 2959.
num_chunk_merges: 3.
num_chunk_splits: 2115.
num_chunks_enlarged: 1632.
num_inconsistent_stats: 0.

CodeHeap 'non-profiled nmethods': size=120000Kb used=3624Kb max_used=3624Kb free=116375Kb
 bounds [0x0000024e8eb60000, 0x0000024e8eef0000, 0x0000024e96090000]
CodeHeap 'profiled nmethods': size=120000Kb used=9452Kb max_used=9760Kb free=110547Kb
 bounds [0x0000024e87090000, 0x0000024e87a20000, 0x0000024e8e5c0000]
CodeHeap 'non-nmethods': size=5760Kb used=1315Kb max_used=1362Kb free=4444Kb
 bounds [0x0000024e8e5c0000, 0x0000024e8e830000, 0x0000024e8eb60000]
 total_blobs=5526 nmethods=4882 adapters=556
 compilation: enabled
              stopped_count=0, restarted_count=0
 full_count=0

Compilation events (20 events):
Event: 16.251 Thread 0x0000024e9a8a7880 5621       3       sun.nio.ch.IOStatus::okayToRetry (22 bytes)
Event: 16.251 Thread 0x0000024e9a8a7880 nmethod 5621 0x0000024e8779dd10 code [0x0000024e8779dea0, 0x0000024e8779e038]
Event: 16.253 Thread 0x0000024e9a8a7880 5622  s    3       java.io.BufferedOutputStream::flush (12 bytes)
Event: 16.253 Thread 0x0000024e9a8a7880 nmethod 5622 0x0000024e8779d610 code [0x0000024e8779d7e0, 0x0000024e8779dbd8]
Event: 16.256 Thread 0x0000024e9a8a7880 5623       3       java.util.LinkedHashMap::afterNodeRemoval (65 bytes)
Event: 16.256 Thread 0x0000024e9a8a7880 nmethod 5623 0x0000024e8779ce10 code [0x0000024e8779cfe0, 0x0000024e8779d498]
Event: 16.257 Thread 0x0000024e9a8a7880 5624   !   3       org.springframework.util.ConcurrentReferenceHashMap$Segment::clear (69 bytes)
Event: 16.258 Thread 0x0000024e9a8a7880 nmethod 5624 0x0000024e8779bc90 code [0x0000024e8779bee0, 0x0000024e8779ca18]
Event: 16.260 Thread 0x0000024e9a8a7880 5625       1       org.apache.catalina.LifecycleState::getLifecycleEvent (5 bytes)
Event: 16.260 Thread 0x0000024e9a8a7880 nmethod 5625 0x0000024e8ed0f490 code [0x0000024e8ed0f620, 0x0000024e8ed0f6f8]
Event: 16.266 Thread 0x0000024e9a8a7880 5626       3       java.util.EventObject::<init> (24 bytes)
Event: 16.267 Thread 0x0000024e9a8a7880 nmethod 5626 0x0000024e8779b710 code [0x0000024e8779b8c0, 0x0000024e8779bb88]
Event: 16.273 Thread 0x0000024e9a8a7880 5627       3       jdk.internal.util.ArraysSupport::mismatch (73 bytes)
Event: 16.274 Thread 0x0000024e9a8a7880 nmethod 5627 0x0000024e8779af10 code [0x0000024e8779b0e0, 0x0000024e8779b4f8]
Event: 16.274 Thread 0x0000024e9a8a7880 5628       3       org.apache.juli.logging.DirectJDKLog::isDebugEnabled (11 bytes)
Event: 16.275 Thread 0x0000024e9a8a7880 nmethod 5628 0x0000024e8779a890 code [0x0000024e8779aa40, 0x0000024e8779acf8]
Event: 16.275 Thread 0x0000024e9a8a7880 5629       3       org.apache.catalina.util.LifecycleBase::fireLifecycleEvent (56 bytes)
Event: 16.276 Thread 0x0000024e9a8a7880 nmethod 5629 0x0000024e876dbb90 code [0x0000024e876dbda0, 0x0000024e876dc5f8]
Event: 16.276 Thread 0x0000024e9a8a7880 5630       3       org.apache.catalina.LifecycleEvent::<init> (16 bytes)
Event: 16.276 Thread 0x0000024e9a8a7880 nmethod 5630 0x0000024e876db490 code [0x0000024e876db660, 0x0000024e876dba48]

GC Heap History (20 events):
Event: 11.273 GC heap before
{Heap before GC invocations=22 (full 0):
 garbage-first heap   total 43008K, used 30449K [0x00000000e0000000, 0x0000000100000000)
  region size 1024K, 11 young (11264K), 2 survivors (2048K)
 Metaspace       used 49009K, committed 49536K, reserved 1114112K
  class space    used 6272K, committed 6528K, reserved 1048576K
}
Event: 11.277 GC heap after
{Heap after GC invocations=23 (full 0):
 garbage-first heap   total 43008K, used 23281K [0x00000000e0000000, 0x0000000100000000)
  region size 1024K, 2 young (2048K), 2 survivors (2048K)
 Metaspace       used 49009K, committed 49536K, reserved 1114112K
  class space    used 6272K, committed 6528K, reserved 1048576K
}
Event: 12.151 GC heap before
{Heap before GC invocations=23 (full 0):
 garbage-first heap   total 43008K, used 34545K [0x00000000e0000000, 0x0000000100000000)
  region size 1024K, 13 young (13312K), 2 survivors (2048K)
 Metaspace       used 51580K, committed 52160K, reserved 1114112K
  class space    used 6656K, committed 6912K, reserved 1048576K
}
Event: 12.154 GC heap after
{Heap after GC invocations=24 (full 0):
 garbage-first heap   total 43008K, used 24393K [0x00000000e0000000, 0x0000000100000000)
  region size 1024K, 2 young (2048K), 2 survivors (2048K)
 Metaspace       used 51580K, committed 52160K, reserved 1114112K
  class space    used 6656K, committed 6912K, reserved 1048576K
}
Event: 12.598 GC heap before
{Heap before GC invocations=25 (full 0):
 garbage-first heap   total 45056K, used 32585K [0x00000000e0000000, 0x0000000100000000)
  region size 1024K, 11 young (11264K), 2 survivors (2048K)
 Metaspace       used 53997K, committed 54528K, reserved 1114112K
  class space    used 6966K, committed 7232K, reserved 1048576K
}
Event: 12.601 GC heap after
{Heap after GC invocations=26 (full 0):
 garbage-first heap   total 45056K, used 25046K [0x00000000e0000000, 0x0000000100000000)
  region size 1024K, 1 young (1024K), 1 survivors (1024K)
 Metaspace       used 53997K, committed 54528K, reserved 1114112K
  class space    used 6966K, committed 7232K, reserved 1048576K
}
Event: 13.128 GC heap before
{Heap before GC invocations=26 (full 0):
 garbage-first heap   total 45056K, used 35286K [0x00000000e0000000, 0x0000000100000000)
  region size 1024K, 12 young (12288K), 1 survivors (1024K)
 Metaspace       used 57891K, committed 58368K, reserved 1114112K
  class space    used 7649K, committed 7872K, reserved 1048576K
}
Event: 13.130 GC heap after
{Heap after GC invocations=27 (full 0):
 garbage-first heap   total 45056K, used 25330K [0x00000000e0000000, 0x0000000100000000)
  region size 1024K, 1 young (1024K), 1 survivors (1024K)
 Metaspace       used 57891K, committed 58368K, reserved 1114112K
  class space    used 7649K, committed 7872K, reserved 1048576K
}
Event: 13.551 GC heap before
{Heap before GC invocations=28 (full 0):
 garbage-first heap   total 46080K, used 35570K [0x00000000e0000000, 0x0000000100000000)
  region size 1024K, 12 young (12288K), 1 survivors (1024K)
 Metaspace       used 60227K, committed 60736K, reserved 1114112K
  class space    used 8055K, committed 8320K, reserved 1048576K
}
Event: 13.553 GC heap after
{Heap after GC invocations=29 (full 0):
 garbage-first heap   total 46080K, used 25707K [0x00000000e0000000, 0x0000000100000000)
  region size 1024K, 2 young (2048K), 2 survivors (2048K)
 Metaspace       used 60227K, committed 60736K, reserved 1114112K
  class space    used 8055K, committed 8320K, reserved 1048576K
}
Event: 13.997 GC heap before
{Heap before GC invocations=29 (full 0):
 garbage-first heap   total 46080K, used 36971K [0x00000000e0000000, 0x0000000100000000)
  region size 1024K, 13 young (13312K), 2 survivors (2048K)
 Metaspace       used 62318K, committed 62848K, reserved 1114112K
  class space    used 8331K, committed 8576K, reserved 1048576K
}
Event: 14.001 GC heap after
{Heap after GC invocations=30 (full 0):
 garbage-first heap   total 46080K, used 26790K [0x00000000e0000000, 0x0000000100000000)
  region size 1024K, 2 young (2048K), 2 survivors (2048K)
 Metaspace       used 62318K, committed 62848K, reserved 1114112K
  class space    used 8331K, committed 8576K, reserved 1048576K
}
Event: 14.396 GC heap before
{Heap before GC invocations=31 (full 0):
 garbage-first heap   total 48128K, used 37030K [0x00000000e0000000, 0x0000000100000000)
  region size 1024K, 12 young (12288K), 2 survivors (2048K)
 Metaspace       used 63945K, committed 64512K, reserved 1114112K
  class space    used 8562K, committed 8832K, reserved 1048576K
}
Event: 14.400 GC heap after
{Heap after GC invocations=32 (full 0):
 garbage-first heap   total 48128K, used 27410K [0x00000000e0000000, 0x0000000100000000)
  region size 1024K, 2 young (2048K), 2 survivors (2048K)
 Metaspace       used 63945K, committed 64512K, reserved 1114112K
  class space    used 8562K, committed 8832K, reserved 1048576K
}
Event: 15.003 GC heap before
{Heap before GC invocations=32 (full 0):
 garbage-first heap   total 48128K, used 38674K [0x00000000e0000000, 0x0000000100000000)
  region size 1024K, 13 young (13312K), 2 survivors (2048K)
 Metaspace       used 65863K, committed 66432K, reserved 1114112K
  class space    used 8922K, committed 9152K, reserved 1048576K
}
Event: 15.007 GC heap after
{Heap after GC invocations=33 (full 0):
 garbage-first heap   total 48128K, used 28408K [0x00000000e0000000, 0x0000000100000000)
  region size 1024K, 2 young (2048K), 2 survivors (2048K)
 Metaspace       used 65863K, committed 66432K, reserved 1114112K
  class space    used 8922K, committed 9152K, reserved 1048576K
}
Event: 15.385 GC heap before
{Heap before GC invocations=34 (full 0):
 garbage-first heap   total 53248K, used 37624K [0x00000000e0000000, 0x0000000100000000)
  region size 1024K, 11 young (11264K), 2 survivors (2048K)
 Metaspace       used 66935K, committed 67456K, reserved 1114112K
  class space    used 9111K, committed 9344K, reserved 1048576K
}
Event: 15.388 GC heap after
{Heap after GC invocations=35 (full 0):
 garbage-first heap   total 53248K, used 29106K [0x00000000e0000000, 0x0000000100000000)
  region size 1024K, 1 young (1024K), 1 survivors (1024K)
 Metaspace       used 66935K, committed 67456K, reserved 1114112K
  class space    used 9111K, committed 9344K, reserved 1048576K
}
Event: 15.735 GC heap before
{Heap before GC invocations=35 (full 0):
 garbage-first heap   total 53248K, used 42418K [0x00000000e0000000, 0x0000000100000000)
  region size 1024K, 14 young (14336K), 1 survivors (1024K)
 Metaspace       used 67520K, committed 68096K, reserved 1114112K
  class space    used 9267K, committed 9536K, reserved 1048576K
}
Event: 15.737 GC heap after
{Heap after GC invocations=36 (full 0):
 garbage-first heap   total 53248K, used 29789K [0x00000000e0000000, 0x0000000100000000)
  region size 1024K, 2 young (2048K), 2 survivors (2048K)
 Metaspace       used 67520K, committed 68096K, reserved 1114112K
  class space    used 9267K, committed 9536K, reserved 1048576K
}

Dll operation events (9 events):
Event: 0.010 Loaded shared library C:\Users\samsung\.vscode\extensions\redhat.java-1.23.0-win32-x64\jre\17.0.8.1-win32-x86_64\bin\java.dll
Event: 0.222 Loaded shared library C:\Users\samsung\.vscode\extensions\redhat.java-1.23.0-win32-x64\jre\17.0.8.1-win32-x86_64\bin\net.dll
Event: 0.224 Loaded shared library C:\Users\samsung\.vscode\extensions\redhat.java-1.23.0-win32-x64\jre\17.0.8.1-win32-x86_64\bin\nio.dll
Event: 0.231 Loaded shared library C:\Users\samsung\.vscode\extensions\redhat.java-1.23.0-win32-x64\jre\17.0.8.1-win32-x86_64\bin\zip.dll
Event: 0.426 Loaded shared library C:\Users\samsung\.vscode\extensions\redhat.java-1.23.0-win32-x64\jre\17.0.8.1-win32-x86_64\bin\jimage.dll
Event: 0.679 Loaded shared library C:\Users\samsung\.vscode\extensions\redhat.java-1.23.0-win32-x64\jre\17.0.8.1-win32-x86_64\bin\management.dll
Event: 0.698 Loaded shared library C:\Users\samsung\.vscode\extensions\redhat.java-1.23.0-win32-x64\jre\17.0.8.1-win32-x86_64\bin\management_ext.dll
Event: 7.706 Loaded shared library C:\Users\samsung\.vscode\extensions\redhat.java-1.23.0-win32-x64\jre\17.0.8.1-win32-x86_64\bin\sunmscapi.dll
Event: 10.144 Loaded shared library C:\Users\samsung\.vscode\extensions\redhat.java-1.23.0-win32-x64\jre\17.0.8.1-win32-x86_64\bin\verify.dll

Deoptimization events (20 events):
Event: 15.729 Thread 0x0000024e9fe27aa0 Uncommon trap: trap_request=0xffffffd6 fr.pc=0x0000024e8eba8cdc relative=0x0000000000000edc
Event: 15.729 Thread 0x0000024e9fe27aa0 Uncommon trap: reason=array_check action=maybe_recompile pc=0x0000024e8eba8cdc method=org.antlr.v4.runtime.misc.Array2DHashSet.getOrAddImpl(Ljava/lang/Object;)Ljava/lang/Object; @ 128 c2
Event: 15.729 Thread 0x0000024e9fe27aa0 DEOPT PACKING pc=0x0000024e8eba8cdc sp=0x0000007ac45f8b30
Event: 15.729 Thread 0x0000024e9fe27aa0 DEOPT UNPACKING pc=0x0000024e8e6169a3 sp=0x0000007ac45f8af0 mode 2
Event: 15.767 Thread 0x0000024e9fe27aa0 Uncommon trap: trap_request=0xffffffd6 fr.pc=0x0000024e8ed27780 relative=0x0000000000000f00
Event: 15.767 Thread 0x0000024e9fe27aa0 Uncommon trap: reason=array_check action=maybe_recompile pc=0x0000024e8ed27780 method=org.antlr.v4.runtime.misc.Array2DHashSet.getOrAddImpl(Ljava/lang/Object;)Ljava/lang/Object; @ 133 c2
Event: 15.767 Thread 0x0000024e9fe27aa0 DEOPT PACKING pc=0x0000024e8ed27780 sp=0x0000007ac45f9160
Event: 15.767 Thread 0x0000024e9fe27aa0 DEOPT UNPACKING pc=0x0000024e8e6169a3 sp=0x0000007ac45f9130 mode 2
Event: 15.767 Thread 0x0000024e9fe27aa0 Uncommon trap: trap_request=0xffffffd6 fr.pc=0x0000024e8ed27780 relative=0x0000000000000f00
Event: 15.767 Thread 0x0000024e9fe27aa0 Uncommon trap: reason=array_check action=maybe_recompile pc=0x0000024e8ed27780 method=org.antlr.v4.runtime.misc.Array2DHashSet.getOrAddImpl(Ljava/lang/Object;)Ljava/lang/Object; @ 133 c2
Event: 15.767 Thread 0x0000024e9fe27aa0 DEOPT PACKING pc=0x0000024e8ed27780 sp=0x0000007ac45f9300
Event: 15.767 Thread 0x0000024e9fe27aa0 DEOPT UNPACKING pc=0x0000024e8e6169a3 sp=0x0000007ac45f92d0 mode 2
Event: 16.257 Thread 0x0000024e9fe27aa0 Uncommon trap: trap_request=0xffffff45 fr.pc=0x0000024e8ebfb760 relative=0x0000000000000060
Event: 16.257 Thread 0x0000024e9fe27aa0 Uncommon trap: reason=unstable_if action=reinterpret pc=0x0000024e8ebfb760 method=org.springframework.util.ConcurrentReferenceHashMap$Segment.clear()V @ 7 c2
Event: 16.257 Thread 0x0000024e9fe27aa0 DEOPT PACKING pc=0x0000024e8ebfb760 sp=0x0000007ac45fe810
Event: 16.257 Thread 0x0000024e9fe27aa0 DEOPT UNPACKING pc=0x0000024e8e6169a3 sp=0x0000007ac45fe7a0 mode 2
Event: 16.260 Thread 0x0000024e9fe27aa0 Uncommon trap: trap_request=0xffffff54 fr.pc=0x0000024e8ec1dc74 relative=0x0000000000000334
Event: 16.260 Thread 0x0000024e9fe27aa0 Uncommon trap: reason=speculate_null_assert action=make_not_entrant pc=0x0000024e8ec1dc74 method=org.springframework.util.ConcurrentReferenceHashMap$Segment.restructureIfNecessary(Z)V @ 41 c2
Event: 16.260 Thread 0x0000024e9fe27aa0 DEOPT PACKING pc=0x0000024e8ec1dc74 sp=0x0000007ac45fe500
Event: 16.260 Thread 0x0000024e9fe27aa0 DEOPT UNPACKING pc=0x0000024e8e6169a3 sp=0x0000007ac45fe4c8 mode 2

Classes unloaded (0 events):
No events

Classes redefined (0 events):
No events

Internal exceptions (20 events):
Event: 13.460 Thread 0x0000024e9fe27aa0 Exception <a 'java/lang/NoSuchMethodError'{0x00000000e2421870}: 'java.lang.Object java.lang.invoke.Invokers$Holder.linkToTargetMethod(java.lang.Object, int, java.lang.Object, java.lang.Object)'> (0x00000000e2421870) 
thrown [s\src\hotspot\share\interpreter\linkResolver.cpp, line 759]
Event: 13.520 Thread 0x0000024e9fe27aa0 Exception <a 'java/lang/NoSuchMethodError'{0x00000000e220c818}: 'int java.lang.invoke.DirectMethodHandle$Holder.invokeStatic(java.lang.Object, int, java.lang.Object)'> (0x00000000e220c818) 
thrown [s\src\hotspot\share\interpreter\linkResolver.cpp, line 759]
Event: 13.524 Thread 0x0000024e9fe27aa0 Exception <a 'java/lang/NoSuchMethodError'{0x00000000e222d518}: 'java.lang.Object java.lang.invoke.DirectMethodHandle$Holder.newInvokeSpecial(java.lang.Object, java.lang.Object, java.lang.Object, java.lang.Object, java.lang.Object, int, java.lang.Object)'> (0x00000000e222d518) 
thrown [s\src\hotspot\share\interpreter\linkResolver.cpp, line 759]
Event: 13.534 Thread 0x0000024e9fe27aa0 Exception <a 'java/lang/NoSuchMethodError'{0x00000000e2279b70}: 'java.lang.Object java.lang.invoke.DirectMethodHandle$Holder.newInvokeSpecial(java.lang.Object, java.lang.Object, java.lang.Object, java.lang.Object, java.lang.Object, java.lang.Object, java.lang.Object, java.lang.Object, java.lang.Object, java.lang.Object, java.lang.Object)'> (0x00000000e2279b70) 
thrown [s\src\hotspot\share\interpreter\linkResolver.cpp, line 759]
Event: 13.534 Thread 0x0000024e9fe27aa0 Exception <a 'java/lang/NoSuchMethodError'{0x00000000e227e880}: 'java.lang.Object java.lang.invoke.DirectMethodHandle$Holder.invokeSpecial(java.lang.Object, java.lang.Object, java.lang.Object, java.lang.Object, java.lang.Object, java.lang.Object, java.lang.Object, java.lang.Object, java.lang.Object, java.lang.Object, java.lang.Object, java.lang.Object)'> (0x00000000e227e880) 
thrown [s\src\hotspot\share\interpreter\linkResolver.cpp, line 759]
Event: 13.534 Thread 0x0000024e9fe27aa0 Exception <a 'java/lang/NoSuchMethodError'{0x00000000e2282e20}: 'java.lang.Object java.lang.invoke.Invokers$Holder.linkToTargetMethod(java.lang.Object, java.lang.Object, java.lang.Object, java.lang.Object, java.lang.Object, java.lang.Object, java.lang.Object, java.lang.Object, java.lang.Object, java.lang.Object, java.lang.Object)'> (0x00000000e2282e20) 
thrown [s\src\hotspot\share\interpreter\linkResolver.cpp, line 759]
Event: 13.583 Thread 0x0000024e9fe27aa0 Exception <a 'java/lang/NoSuchMethodError'{0x00000000effe4460}: 'java.lang.Object java.lang.invoke.DirectMethodHandle$Holder.newInvokeSpecial(java.lang.Object, java.lang.Object, java.lang.Object, java.lang.Object, java.lang.Object, java.lang.Object)'> (0x00000000effe4460) 
thrown [s\src\hotspot\share\interpreter\linkResolver.cpp, line 759]
Event: 13.599 Thread 0x0000024e9fe27aa0 Exception <a 'java/lang/NoSuchMethodError'{0x00000000ef954ac8}: 'java.lang.Object java.lang.invoke.DirectMethodHandle$Holder.newInvokeSpecial(java.lang.Object, java.lang.Object, java.lang.Object, java.lang.Object, java.lang.Object, java.lang.Object, java.lang.Object, int)'> (0x00000000ef954ac8) 
thrown [s\src\hotspot\share\interpreter\linkResolver.cpp, line 759]
Event: 13.599 Thread 0x0000024e9fe27aa0 Exception <a 'java/lang/NoSuchMethodError'{0x00000000ef959ac0}: 'java.lang.Object java.lang.invoke.DirectMethodHandle$Holder.invokeSpecial(java.lang.Object, java.lang.Object, java.lang.Object, java.lang.Object, java.lang.Object, java.lang.Object, java.lang.Object, java.lang.Object, int)'> (0x00000000ef959ac0) 
thrown [s\src\hotspot\share\interpreter\linkResolver.cpp, line 759]
Event: 13.600 Thread 0x0000024e9fe27aa0 Exception <a 'java/lang/NoSuchMethodError'{0x00000000ef95e588}: 'java.lang.Object java.lang.invoke.Invokers$Holder.linkToTargetMethod(java.lang.Object, java.lang.Object, java.lang.Object, java.lang.Object, java.lang.Object, java.lang.Object, int, java.lang.Object)'> (0x00000000ef95e588) 
thrown [s\src\hotspot\share\interpreter\linkResolver.cpp, line 759]
Event: 13.628 Thread 0x0000024e9fe27aa0 Exception <a 'java/lang/NoSuchMethodError'{0x00000000ef822860}: 'void java.lang.invoke.DirectMethodHandle$Holder.invokeInterface(java.lang.Object, java.lang.Object)'> (0x00000000ef822860) 
thrown [s\src\hotspot\share\interpreter\linkResolver.cpp, line 759]
Event: 13.695 Thread 0x0000024e9fe27aa0 Implicit null exception at 0x0000024e8ebe2c75 to 0x0000024e8ebe325c
Event: 13.695 Thread 0x0000024e9fe27aa0 Implicit null exception at 0x0000024e8ec24672 to 0x0000024e8ec24c58
Event: 13.946 Thread 0x0000024e9fe27aa0 Exception <a 'java/lang/IncompatibleClassChangeError'{0x00000000e23b9bc0}: Found class java.lang.Object, but interface was expected> (0x00000000e23b9bc0) 
thrown [s\src\hotspot\share\interpreter\linkResolver.cpp, line 826]
Event: 13.967 Thread 0x0000024e9fe27aa0 Exception <a 'java/lang/IncompatibleClassChangeError'{0x00000000e222a238}: Found class java.lang.Object, but interface was expected> (0x00000000e222a238) 
thrown [s\src\hotspot\share\interpreter\linkResolver.cpp, line 826]
Event: 14.026 Thread 0x0000024e9fe27aa0 Exception <a 'java/lang/IncompatibleClassChangeError'{0x00000000eff831b0}: Found class java.lang.Object, but interface was expected> (0x00000000eff831b0) 
thrown [s\src\hotspot\share\interpreter\linkResolver.cpp, line 826]
Event: 14.311 Thread 0x0000024e9fe27aa0 Exception <a 'java/lang/IncompatibleClassChangeError'{0x00000000e28e0500}: Found class java.lang.Object, but interface was expected> (0x00000000e28e0500) 
thrown [s\src\hotspot\share\interpreter\linkResolver.cpp, line 826]
Event: 15.177 Thread 0x0000024e9fe27aa0 Exception <a 'java/lang/reflect/InvocationTargetException'{0x00000000e2d16be0}> (0x00000000e2d16be0) 
thrown [s\src\hotspot\share\runtime\reflection.cpp, line 1121]
Event: 15.949 Thread 0x0000024e9fe27aa0 Exception <a 'java/lang/reflect/InvocationTargetException'{0x00000000e32039d8}> (0x00000000e32039d8) 
thrown [s\src\hotspot\share\runtime\reflection.cpp, line 1121]
Event: 16.274 Thread 0x0000024e9fe28ee0 Exception <a 'java/lang/InterruptedException'{0x00000000e32d86d0}: sleep interrupted> (0x00000000e32d86d0) 
thrown [s\src\hotspot\share\prims\jvm.cpp, line 3070]

VM Operations (20 events):
Event: 14.629 Executing VM operation: HandshakeAllThreads
Event: 14.629 Executing VM operation: HandshakeAllThreads done
Event: 15.003 Executing VM operation: G1CollectForAllocation
Event: 15.007 Executing VM operation: G1CollectForAllocation done
Event: 15.055 Executing VM operation: G1PauseRemark
Event: 15.061 Executing VM operation: G1PauseRemark done
Event: 15.081 Executing VM operation: G1PauseCleanup
Event: 15.081 Executing VM operation: G1PauseCleanup done
Event: 15.089 Executing VM operation: HandshakeAllThreads
Event: 15.089 Executing VM operation: HandshakeAllThreads done
Event: 15.385 Executing VM operation: G1CollectForAllocation
Event: 15.388 Executing VM operation: G1CollectForAllocation done
Event: 15.735 Executing VM operation: G1CollectForAllocation
Event: 15.737 Executing VM operation: G1CollectForAllocation done
Event: 15.793 Executing VM operation: G1PauseRemark
Event: 15.797 Executing VM operation: G1PauseRemark done
Event: 15.819 Executing VM operation: G1PauseCleanup
Event: 15.823 Executing VM operation: G1PauseCleanup done
Event: 16.259 Executing VM operation: HandshakeAllThreads
Event: 16.259 Executing VM operation: HandshakeAllThreads done

Events (20 events):
Event: 16.271 loading class com/sun/beans/introspect/ClassInfo$1
Event: 16.271 loading class com/sun/beans/util/Cache
Event: 16.271 loading class com/sun/beans/util/Cache done
Event: 16.271 loading class com/sun/beans/introspect/ClassInfo$1 done
Event: 16.271 loading class com/sun/beans/util/Cache$Kind
Event: 16.272 loading class com/sun/beans/util/Cache$Kind done
Event: 16.272 loading class com/sun/beans/util/Cache$Kind$1
Event: 16.272 loading class com/sun/beans/util/Cache$Kind$1 done
Event: 16.272 loading class com/sun/beans/util/Cache$Kind$2
Event: 16.272 loading class com/sun/beans/util/Cache$Kind$2 done
Event: 16.272 loading class com/sun/beans/util/Cache$Kind$3
Event: 16.272 loading class com/sun/beans/util/Cache$Kind$3 done
Event: 16.272 loading class com/sun/beans/util/Cache$CacheEntry
Event: 16.272 loading class com/sun/beans/util/Cache$CacheEntry done
Event: 16.273 loading class java/util/WeakHashMap$KeyIterator
Event: 16.273 loading class java/util/WeakHashMap$HashIterator
Event: 16.273 loading class java/util/WeakHashMap$HashIterator done
Event: 16.273 loading class java/util/WeakHashMap$KeyIterator done
Event: 16.275 Thread 0x0000024e9fe28ee0 Thread exited: 0x0000024e9fe28ee0
Event: 16.277 Thread 0x0000024e9fe26150 Thread exited: 0x0000024e9fe26150


Dynamic libraries:
0x00007ff6dbed0000 - 0x00007ff6dbede000 	C:\Users\samsung\.vscode\extensions\redhat.java-1.23.0-win32-x64\jre\17.0.8.1-win32-x86_64\bin\java.exe
0x00007ffde6c50000 - 0x00007ffde6e47000 	C:\WINDOWS\SYSTEM32\ntdll.dll
0x00007ffde62d0000 - 0x00007ffde638d000 	C:\WINDOWS\System32\KERNEL32.DLL
0x00007ffde4360000 - 0x00007ffde4656000 	C:\WINDOWS\System32\KERNELBASE.dll
0x00007ffde4a90000 - 0x00007ffde4b90000 	C:\WINDOWS\System32\ucrtbase.dll
0x00007ffddc0b0000 - 0x00007ffddc0c9000 	C:\Users\samsung\.vscode\extensions\redhat.java-1.23.0-win32-x64\jre\17.0.8.1-win32-x86_64\bin\VCRUNTIME140.dll
0x00007ffddd510000 - 0x00007ffddd527000 	C:\Users\samsung\.vscode\extensions\redhat.java-1.23.0-win32-x64\jre\17.0.8.1-win32-x86_64\bin\jli.dll
0x00007ffde56a0000 - 0x00007ffde583e000 	C:\WINDOWS\System32\USER32.dll
0x00007ffde4330000 - 0x00007ffde4352000 	C:\WINDOWS\System32\win32u.dll
0x00007ffde36b0000 - 0x00007ffde394a000 	C:\WINDOWS\WinSxS\amd64_microsoft.windows.common-controls_6595b64144ccf1df_6.0.19041.3570_none_60bb2a3971f3e41a\COMCTL32.dll
0x00007ffde5840000 - 0x00007ffde586c000 	C:\WINDOWS\System32\GDI32.dll
0x00007ffde4cc0000 - 0x00007ffde4d5e000 	C:\WINDOWS\System32\msvcrt.dll
0x00007ffde4b90000 - 0x00007ffde4caa000 	C:\WINDOWS\System32\gdi32full.dll
0x00007ffde46f0000 - 0x00007ffde478d000 	C:\WINDOWS\System32\msvcp_win.dll
0x00007ffde5870000 - 0x00007ffde58a0000 	C:\WINDOWS\System32\IMM32.DLL
0x00007ffddf6d0000 - 0x00007ffddf6dc000 	C:\Users\samsung\.vscode\extensions\redhat.java-1.23.0-win32-x64\jre\17.0.8.1-win32-x86_64\bin\vcruntime140_1.dll
0x00007ffdc9c30000 - 0x00007ffdc9cc1000 	C:\Users\samsung\.vscode\extensions\redhat.java-1.23.0-win32-x64\jre\17.0.8.1-win32-x86_64\bin\msvcp140.dll
0x00007ffd7ad30000 - 0x00007ffd7b97c000 	C:\Users\samsung\.vscode\extensions\redhat.java-1.23.0-win32-x64\jre\17.0.8.1-win32-x86_64\bin\server\jvm.dll
0x00007ffde4d60000 - 0x00007ffde4e0e000 	C:\WINDOWS\System32\ADVAPI32.dll
0x00007ffde60b0000 - 0x00007ffde614c000 	C:\WINDOWS\System32\sechost.dll
0x00007ffde6a60000 - 0x00007ffde6b86000 	C:\WINDOWS\System32\RPCRT4.dll
0x00007ffde4190000 - 0x00007ffde41db000 	C:\WINDOWS\SYSTEM32\POWRPROF.dll
0x00007ffdd0f60000 - 0x00007ffdd0f87000 	C:\WINDOWS\SYSTEM32\WINMM.dll
0x00007ffde1440000 - 0x00007ffde144a000 	C:\WINDOWS\SYSTEM32\VERSION.dll
0x00007ffdd2430000 - 0x00007ffdd2439000 	C:\WINDOWS\SYSTEM32\WSOCK32.dll
0x00007ffde63f0000 - 0x00007ffde645b000 	C:\WINDOWS\System32\WS2_32.dll
0x00007ffde4170000 - 0x00007ffde4182000 	C:\WINDOWS\SYSTEM32\UMPDC.dll
0x00007ffde1420000 - 0x00007ffde1432000 	C:\WINDOWS\SYSTEM32\kernel.appcore.dll
0x00007ffddf590000 - 0x00007ffddf59a000 	C:\Users\samsung\.vscode\extensions\redhat.java-1.23.0-win32-x64\jre\17.0.8.1-win32-x86_64\bin\jimage.dll
0x00007ffde3c40000 - 0x00007ffde3e24000 	C:\WINDOWS\SYSTEM32\DBGHELP.DLL
0x00007ffde3a60000 - 0x00007ffde3a94000 	C:\WINDOWS\SYSTEM32\dbgcore.DLL
0x00007ffde4660000 - 0x00007ffde46e2000 	C:\WINDOWS\System32\bcryptPrimitives.dll
0x00007ffdd23d0000 - 0x00007ffdd23f5000 	C:\Users\samsung\.vscode\extensions\redhat.java-1.23.0-win32-x64\jre\17.0.8.1-win32-x86_64\bin\java.dll
0x00007ffdda9e0000 - 0x00007ffdda9f8000 	C:\Users\samsung\.vscode\extensions\redhat.java-1.23.0-win32-x64\jre\17.0.8.1-win32-x86_64\bin\zip.dll
0x00007ffde4f50000 - 0x00007ffde5694000 	C:\WINDOWS\System32\SHELL32.dll
0x00007ffde15d0000 - 0x00007ffde1d6b000 	C:\WINDOWS\SYSTEM32\windows.storage.dll
0x00007ffde6700000 - 0x00007ffde6a54000 	C:\WINDOWS\System32\combase.dll
0x00007ffde3610000 - 0x00007ffde363d000 	C:\WINDOWS\SYSTEM32\Wldp.dll
0x00007ffde6650000 - 0x00007ffde66fd000 	C:\WINDOWS\System32\SHCORE.dll
0x00007ffde6bb0000 - 0x00007ffde6c05000 	C:\WINDOWS\System32\shlwapi.dll
0x00007ffde4260000 - 0x00007ffde4285000 	C:\WINDOWS\SYSTEM32\profapi.dll
0x00007ffdd2690000 - 0x00007ffdd26a9000 	C:\Users\samsung\.vscode\extensions\redhat.java-1.23.0-win32-x64\jre\17.0.8.1-win32-x86_64\bin\net.dll
0x00007ffdd9640000 - 0x00007ffdd974a000 	C:\WINDOWS\SYSTEM32\WINHTTP.dll
0x00007ffde34e0000 - 0x00007ffde354a000 	C:\WINDOWS\system32\mswsock.dll
0x00007ffdd2360000 - 0x00007ffdd2375000 	C:\Users\samsung\.vscode\extensions\redhat.java-1.23.0-win32-x64\jre\17.0.8.1-win32-x86_64\bin\nio.dll
0x00007ffde30a0000 - 0x00007ffde316a000 	C:\WINDOWS\SYSTEM32\DNSAPI.dll
0x00007ffde3060000 - 0x00007ffde309b000 	C:\WINDOWS\SYSTEM32\IPHLPAPI.DLL
0x00007ffde4cb0000 - 0x00007ffde4cb8000 	C:\WINDOWS\System32\NSI.dll
0x00007ffdd4220000 - 0x00007ffdd422a000 	C:\Windows\System32\rasadhlp.dll
0x00007ffdd4a80000 - 0x00007ffdd4b02000 	C:\WINDOWS\System32\fwpuclnt.dll
0x00007ffde4a60000 - 0x00007ffde4a87000 	C:\WINDOWS\System32\bcrypt.dll
0x00007ffdde1b0000 - 0x00007ffdde1b9000 	C:\Users\samsung\.vscode\extensions\redhat.java-1.23.0-win32-x64\jre\17.0.8.1-win32-x86_64\bin\management.dll
0x00007ffdde0a0000 - 0x00007ffdde0ab000 	C:\Users\samsung\.vscode\extensions\redhat.java-1.23.0-win32-x64\jre\17.0.8.1-win32-x86_64\bin\management_ext.dll
0x00007ffde4f40000 - 0x00007ffde4f48000 	C:\WINDOWS\System32\PSAPI.DLL
0x00007ffde3fd0000 - 0x00007ffde3fe8000 	C:\WINDOWS\SYSTEM32\CRYPTSP.dll
0x00007ffde2ce0000 - 0x00007ffde2d14000 	C:\WINDOWS\system32\rsaenh.dll
0x00007ffde41e0000 - 0x00007ffde420e000 	C:\WINDOWS\SYSTEM32\USERENV.dll
0x00007ffde35d0000 - 0x00007ffde35dc000 	C:\WINDOWS\SYSTEM32\CRYPTBASE.dll
0x00007ffddb400000 - 0x00007ffddb417000 	C:\WINDOWS\SYSTEM32\dhcpcsvc6.DLL
0x00007ffddb720000 - 0x00007ffddb73d000 	C:\WINDOWS\SYSTEM32\dhcpcsvc.DLL
0x00007ffdd5300000 - 0x00007ffdd530e000 	C:\Users\samsung\.vscode\extensions\redhat.java-1.23.0-win32-x64\jre\17.0.8.1-win32-x86_64\bin\sunmscapi.dll
0x00007ffde4790000 - 0x00007ffde48ed000 	C:\WINDOWS\System32\CRYPT32.dll
0x00007ffde3680000 - 0x00007ffde36a7000 	C:\WINDOWS\SYSTEM32\ncrypt.dll
0x00007ffde3640000 - 0x00007ffde367b000 	C:\WINDOWS\SYSTEM32\NTASN1.dll
0x00007ffdde230000 - 0x00007ffdde240000 	C:\Users\samsung\.vscode\extensions\redhat.java-1.23.0-win32-x64\jre\17.0.8.1-win32-x86_64\bin\verify.dll

dbghelp: loaded successfully - version: 4.0.5 - missing functions: none
symbol engine: initialized successfully - sym options: 0x614 - pdb path: .;C:\Users\samsung\.vscode\extensions\redhat.java-1.23.0-win32-x64\jre\17.0.8.1-win32-x86_64\bin;C:\WINDOWS\SYSTEM32;C:\WINDOWS\WinSxS\amd64_microsoft.windows.common-controls_6595b64144ccf1df_6.0.19041.3570_none_60bb2a3971f3e41a;C:\Users\samsung\.vscode\extensions\redhat.java-1.23.0-win32-x64\jre\17.0.8.1-win32-x86_64\bin\server

VM Arguments:
jvm_args: -XX:+ShowCodeDetailsInExceptionMessages -Dspring.jmx.enabled=true -Dmanagement.endpoints.jmx.exposure.include=* -Dspring.application.admin.enabled=true -Dspring.boot.project.name=tp_spring -Djava.rmi.server.hostname=localhost -Xmx512M 
java_command: ma.zaatari.tp_spring.TpSpringApplication
java_class_path (initial): C:\Users\samsung\Desktop\tp_spring\target\classes;C:\Users\samsung\.m2\repository\org\springframework\boot\spring-boot-starter-actuator\3.1.5\spring-boot-starter-actuator-3.1.5.jar;C:\Users\samsung\.m2\repository\org\springframework\boot\spring-boot-starter\3.1.5\spring-boot-starter-3.1.5.jar;C:\Users\samsung\.m2\repository\org\springframework\boot\spring-boot-starter-logging\3.1.5\spring-boot-starter-logging-3.1.5.jar;C:\Users\samsung\.m2\repository\ch\qos\logback\logback-classic\1.4.11\logback-classic-1.4.11.jar;C:\Users\samsung\.m2\repository\ch\qos\logback\logback-core\1.4.11\logback-core-1.4.11.jar;C:\Users\samsung\.m2\repository\org\apache\logging\log4j\log4j-to-slf4j\2.20.0\log4j-to-slf4j-2.20.0.jar;C:\Users\samsung\.m2\repository\org\apache\logging\log4j\log4j-api\2.20.0\log4j-api-2.20.0.jar;C:\Users\samsung\.m2\repository\org\slf4j\jul-to-slf4j\2.0.9\jul-to-slf4j-2.0.9.jar;C:\Users\samsung\.m2\repository\jakarta\annotation\jakarta.annotation-api\2.1.1\jakarta.annotation-api-2.1.1.jar;C:\Users\samsung\.m2\repository\org\yaml\snakeyaml\1.33\snakeyaml-1.33.jar;C:\Users\samsung\.m2\repository\org\springframework\boot\spring-boot-actuator-autoconfigure\3.1.5\spring-boot-actuator-autoconfigure-3.1.5.jar;C:\Users\samsung\.m2\repository\org\springframework\boot\spring-boot-actuator\3.1.5\spring-boot-actuator-3.1.5.jar;C:\Users\samsung\.m2\repository\com\fasterxml\jackson\core\jackson-databind\2.15.3\jackson-databind-2.15.3.jar;C:\Users\samsung\.m2\repository\com\fasterxml\jackson\core\jackson-annotations\2.15.3\jackson-annotations-2.15.3.jar;C:\Users\samsung\.m2\repository\com\fasterxml\jackson\core\jackson-core\2.15.3\jackson-core-2.15.3.jar;C:\Users\samsung\.m2\repository\com\fasterxml\jackson\datatype\jackson-datatype-jsr310\2.15.3\jackson-datatype-jsr310-2.15.3.jar;C:\Users\samsung\.m2\repository\io\micrometer\micrometer-observation\1.11.5\micrometer-observation-1.11.5.jar;C:\Users\samsung\.m2\repository\io\micrometer\micrometer-com
Launcher Type: SUN_STANDARD

[Global flags]
     intx CICompilerCount                          = 4                                         {product} {ergonomic}
     uint ConcGCThreads                            = 2                                         {product} {ergonomic}
     uint G1ConcRefinementThreads                  = 8                                         {product} {ergonomic}
   size_t G1HeapRegionSize                         = 1048576                                   {product} {ergonomic}
    uintx GCDrainStackTargetSize                   = 64                                        {product} {ergonomic}
   size_t InitialHeapSize                          = 268435456                                 {product} {ergonomic}
   size_t MarkStackSize                            = 4194304                                   {product} {ergonomic}
   size_t MaxHeapSize                              = 536870912                                 {product} {command line}
   size_t MaxNewSize                               = 321912832                                 {product} {ergonomic}
   size_t MinHeapDeltaBytes                        = 1048576                                   {product} {ergonomic}
   size_t MinHeapSize                              = 8388608                                   {product} {ergonomic}
    uintx NonNMethodCodeHeapSize                   = 5839372                                {pd product} {ergonomic}
    uintx NonProfiledCodeHeapSize                  = 122909434                              {pd product} {ergonomic}
    uintx ProfiledCodeHeapSize                     = 122909434                              {pd product} {ergonomic}
    uintx ReservedCodeCacheSize                    = 251658240                              {pd product} {ergonomic}
     bool SegmentedCodeCache                       = true                                      {product} {ergonomic}
     bool ShowCodeDetailsInExceptionMessages       = true                                   {manageable} {command line}
   size_t SoftMaxHeapSize                          = 536870912                              {manageable} {ergonomic}
     bool UseCompressedClassPointers               = true                           {product lp64_product} {ergonomic}
     bool UseCompressedOops                        = true                           {product lp64_product} {ergonomic}
     bool UseG1GC                                  = true                                      {product} {ergonomic}
     bool UseLargePagesIndividualAllocation        = false                                  {pd product} {ergonomic}

Logging:
Log output configuration:
 #0: stdout all=warning uptime,level,tags
 #1: stderr all=off uptime,level,tags

Environment Variables:
JAVA_HOME=C:\Program Files (x86)\Java\jdk1.8.0_202
_JAVA_OPTIONS=-Xmx512M
PATH=C:\Program Files (x86)\Common Files\Oracle\Java\javapath;C:\Windows\System32\wbem;C:\Program Files\Git\cmd;C:\Program Files (x86)\Java\jdk1.8.0_202\bin;C:\Program Files (x86)\Java\jdk1.8.0_202\bin;;C:\WINDOWS\system32;C:\WINDOWS;C:\WINDOWS\System32\Wbem;C:\WINDOWS\System32\WindowsPowerShell\v1.0\;C:\WINDOWS\System32\OpenSSH\;C:\Program Files\PostgreSQL\15\bin;C:\Program Files\JetBrains\PyCharm Community Edition 2023.1.2\bin;;C:\Windows\system32;C:\Windows;C:\Windows\System32\Wbem;C:\Windows\System32\WindowsPowerShell\v1.0\;C:\Users\samsung\AppData\Local\Programs\Python\Python310\Scripts;C:\Users\samsung\AppData\Local\Programs\Microsoft VS Code\bin;C:\src\flutter\bin;C:\Program Files (x86)\Java\jdk1.8.0_202\bin;;C:\Users\samsung\AppData\Local\Microsoft\WindowsApps
USERNAME=samsung
LANG=fr_FR.UTF-8
OS=Windows_NT
PROCESSOR_IDENTIFIER=Intel64 Family 6 Model 60 Stepping 3, GenuineIntel
TMP=C:\Users\samsung\AppData\Local\Temp
TEMP=C:\Users\samsung\AppData\Local\Temp



---------------  S Y S T E M  ---------------

OS:
 Windows 10 , 64 bit Build 19041 (10.0.19041.3570)
OS uptime: 0 days 6:57 hours

CPU: total 8 (initial active 8) (4 cores per cpu, 2 threads per core) family 6 model 60 stepping 3 microcode 0x27, cx8, cmov, fxsr, ht, mmx, sse, sse2, sse3, ssse3, sse4.1, sse4.2, popcnt, lzcnt, tsc, tscinvbit, avx, avx2, aes, erms, clmul, bmi1, bmi2, fma, vzeroupper, clflush
Processor Information for all 8 processors :
  Max Mhz: 2501, Current Mhz: 2400, Mhz Limit: 2475

Memory: 4k page, system-wide physical 16299M (2072M free)
TotalPageFile size 20395M (AvailPageFile size 1M)
current process WorkingSet (physical memory assigned to process): 279M, peak: 279M
current process commit charge ("private bytes"): 313M, peak: 378M

vm_info: OpenJDK 64-Bit Server VM (17.0.8.1+1) for windows-amd64 JRE (17.0.8.1+1), built on Aug 23 2023 15:29:17 by "admin" with MS VC++ 16.7 (VS2019)

END.
